{
  "numFailedTestSuites": 1,
  "numFailedTests": 0,
  "numPassedTestSuites": 6,
  "numPassedTests": 25,
  "numPendingTestSuites": 0,
  "numPendingTests": 0,
  "numRuntimeErrorTestSuites": 1,
  "numTodoTests": 0,
  "numTotalTestSuites": 7,
  "numTotalTests": 25,
  "openHandles": [],
  "snapshot": {
    "added": 0,
    "didUpdate": true,
    "failure": false,
    "filesAdded": 0,
    "filesRemoved": 0,
    "filesRemovedList": [],
    "filesUnmatched": 0,
    "filesUpdated": 0,
    "matched": 0,
    "total": 0,
    "unchecked": 0,
    "uncheckedKeysByFile": [],
    "unmatched": 0,
    "updated": 0
  },
  "startTime": 1647525377866,
  "success": false,
  "testResults": [
    {
      "failureMessage": "  \u001b[1m● \u001b[22mTest suite failed to run\n\n    Cannot find module '../views/common/analysis' from 'src/pages/score-analysis-h5/tests/views-common-notfound.spec.js'\n\n    \u001b[0m \u001b[90m  9 | \u001b[39m\u001b[36mimport\u001b[39m { describe\u001b[33m,\u001b[39m it\u001b[33m,\u001b[39m expect\u001b[33m,\u001b[39m afterEach } from \u001b[32m'@jest/globals'\u001b[39m\u001b[33m;\u001b[39m\u001b[0m\n    \u001b[0m \u001b[90m 10 | \u001b[39m\u001b[36mimport\u001b[39m { mount } from \u001b[32m'@vue/test-utils'\u001b[39m\u001b[33m;\u001b[39m\u001b[0m\n    \u001b[0m\u001b[31m\u001b[1m>\u001b[22m\u001b[39m\u001b[90m 11 | \u001b[39m\u001b[36mimport\u001b[39m analysis from \u001b[32m'../views/common/analysis'\u001b[39m\u001b[33m;\u001b[39m\u001b[0m\n    \u001b[0m \u001b[90m    | \u001b[39m\u001b[31m\u001b[1m^\u001b[22m\u001b[39m\u001b[0m\n    \u001b[0m \u001b[90m 12 | \u001b[39mdescribe(\u001b[32m'test'\u001b[39m\u001b[33m,\u001b[39m () \u001b[33m=>\u001b[39m {\u001b[0m\n    \u001b[0m \u001b[90m 13 | \u001b[39m  let wrapper \u001b[33m=\u001b[39m mount(analysis)\u001b[33m;\u001b[39m\u001b[0m\n    \u001b[0m \u001b[90m 14 | \u001b[39m  \u001b[90m// beforeEach(() => {\u001b[39m\u001b[0m\n\n      \u001b[2mat Resolver.resolveModule (\u001b[22mnode_modules/jest-resolve/build/index.js\u001b[2m:306:11)\u001b[22m\n      \u001b[2mat Object.<anonymous> (\u001b[22m\u001b[0m\u001b[36msrc/pages/score-analysis-h5/tests/views-common-notfound.spec.js\u001b[39m\u001b[0m\u001b[2m:11:1)\u001b[22m\n",
      "leaks": false,
      "numFailingTests": 0,
      "numPassingTests": 0,
      "numPendingTests": 0,
      "numTodoTests": 0,
      "openHandles": [],
      "perfStats": {
        "end": 0,
        "runtime": 0,
        "slow": false,
        "start": 0
      },
      "skipped": false,
      "snapshot": {
        "added": 0,
        "fileDeleted": false,
        "matched": 0,
        "unchecked": 0,
        "uncheckedKeys": [],
        "unmatched": 0,
        "updated": 0
      },
      "testExecError": "Cannot find module '../views/common/analysis' from 'src/pages/score-analysis-h5/tests/views-common-notfound.spec.js'",
      "testFilePath": "/Users/fuyueyi/Desktop/yjy-projects/multi-project/mutilwap/src/pages/score-analysis-h5/tests/views-common-notfound.spec.js",
      "testResults": []
    },
    {
      "leaks": false,
      "numFailingTests": 0,
      "numPassingTests": 2,
      "numPendingTests": 0,
      "numTodoTests": 0,
      "openHandles": [],
      "perfStats": {
        "end": 1647525380813,
        "runtime": 1602,
        "slow": false,
        "start": 1647525379211
      },
      "skipped": false,
      "snapshot": {
        "added": 0,
        "fileDeleted": false,
        "matched": 0,
        "unchecked": 0,
        "unmatched": 0,
        "updated": 0,
        "uncheckedKeys": []
      },
      "testFilePath": "/Users/fuyueyi/Desktop/yjy-projects/multi-project/mutilwap/tests/components-common-ctable.spec.js",
      "testResults": [
        {
          "ancestorTitles": [
            "CTable"
          ],
          "duration": 181,
          "failureDetails": [],
          "failureMessages": [],
          "fullName": "CTable 初始值渲染测试",
          "location": null,
          "numPassingAsserts": 0,
          "status": "passed",
          "title": "初始值渲染测试"
        },
        {
          "ancestorTitles": [
            "CTable"
          ],
          "duration": 26,
          "failureDetails": [],
          "failureMessages": [],
          "fullName": "CTable 无数据渲染测试",
          "location": null,
          "numPassingAsserts": 0,
          "status": "passed",
          "title": "无数据渲染测试"
        }
      ],
      "failureMessage": null
    },
    {
      "leaks": false,
      "numFailingTests": 0,
      "numPassingTests": 1,
      "numPendingTests": 0,
      "numTodoTests": 0,
      "openHandles": [],
      "perfStats": {
        "end": 1647525380930,
        "runtime": 1447,
        "slow": false,
        "start": 1647525379483
      },
      "skipped": false,
      "snapshot": {
        "added": 0,
        "fileDeleted": false,
        "matched": 0,
        "unchecked": 0,
        "unmatched": 0,
        "updated": 0,
        "uncheckedKeys": []
      },
      "testFilePath": "/Users/fuyueyi/Desktop/yjy-projects/multi-project/mutilwap/tests/dynamic-form-utils.spec.js",
      "testResults": [
        {
          "ancestorTitles": [
            "test dynamic-form-utils.js"
          ],
          "duration": 40,
          "failureDetails": [],
          "failureMessages": [],
          "fullName": "test dynamic-form-utils.js formItemsMergeOptions",
          "location": null,
          "numPassingAsserts": 0,
          "status": "passed",
          "title": "formItemsMergeOptions"
        }
      ],
      "failureMessage": null
    },
    {
      "leaks": false,
      "numFailingTests": 0,
      "numPassingTests": 1,
      "numPendingTests": 0,
      "numTodoTests": 0,
      "openHandles": [],
      "perfStats": {
        "end": 1647525380947,
        "runtime": 1616,
        "slow": false,
        "start": 1647525379331
      },
      "skipped": false,
      "snapshot": {
        "added": 0,
        "fileDeleted": false,
        "matched": 0,
        "unchecked": 0,
        "unmatched": 0,
        "updated": 0,
        "uncheckedKeys": []
      },
      "testFilePath": "/Users/fuyueyi/Desktop/yjy-projects/multi-project/mutilwap/src/pages/h5/tests/views-common-notfound.spec.js",
      "testResults": [
        {
          "ancestorTitles": [
            "test"
          ],
          "duration": 9,
          "failureDetails": [],
          "failureMessages": [],
          "fullName": "test 默认展示",
          "location": null,
          "numPassingAsserts": 0,
          "status": "passed",
          "title": "默认展示"
        }
      ],
      "failureMessage": null
    },
    {
      "leaks": false,
      "numFailingTests": 0,
      "numPassingTests": 13,
      "numPendingTests": 0,
      "numTodoTests": 0,
      "openHandles": [],
      "perfStats": {
        "end": 1647525380905,
        "runtime": 1580,
        "slow": false,
        "start": 1647525379325
      },
      "skipped": false,
      "snapshot": {
        "added": 0,
        "fileDeleted": false,
        "matched": 0,
        "unchecked": 0,
        "unmatched": 0,
        "updated": 0,
        "uncheckedKeys": []
      },
      "testFilePath": "/Users/fuyueyi/Desktop/yjy-projects/multi-project/mutilwap/tests/plugins-common-utils.spec.js",
      "testResults": [
        {
          "ancestorTitles": [
            "test utils.js"
          ],
          "duration": 5,
          "failureDetails": [],
          "failureMessages": [],
          "fullName": "test utils.js debounce",
          "location": null,
          "numPassingAsserts": 0,
          "status": "passed",
          "title": "debounce"
        },
        {
          "ancestorTitles": [
            "test utils.js"
          ],
          "duration": 3,
          "failureDetails": [],
          "failureMessages": [],
          "fullName": "test utils.js dateConverter",
          "location": null,
          "numPassingAsserts": 0,
          "status": "passed",
          "title": "dateConverter"
        },
        {
          "ancestorTitles": [
            "test utils.js"
          ],
          "duration": 1,
          "failureDetails": [],
          "failureMessages": [],
          "fullName": "test utils.js numAdd",
          "location": null,
          "numPassingAsserts": 0,
          "status": "passed",
          "title": "numAdd"
        },
        {
          "ancestorTitles": [
            "test utils.js"
          ],
          "duration": 1,
          "failureDetails": [],
          "failureMessages": [],
          "fullName": "test utils.js numSub",
          "location": null,
          "numPassingAsserts": 0,
          "status": "passed",
          "title": "numSub"
        },
        {
          "ancestorTitles": [
            "test utils.js"
          ],
          "duration": 9,
          "failureDetails": [],
          "failureMessages": [],
          "fullName": "test utils.js numMul",
          "location": null,
          "numPassingAsserts": 0,
          "status": "passed",
          "title": "numMul"
        },
        {
          "ancestorTitles": [
            "test utils.js"
          ],
          "duration": 2,
          "failureDetails": [],
          "failureMessages": [],
          "fullName": "test utils.js numDiv",
          "location": null,
          "numPassingAsserts": 0,
          "status": "passed",
          "title": "numDiv"
        },
        {
          "ancestorTitles": [
            "test utils.js"
          ],
          "duration": 4,
          "failureDetails": [],
          "failureMessages": [],
          "fullName": "test utils.js deleteURLPar",
          "location": null,
          "numPassingAsserts": 0,
          "status": "passed",
          "title": "deleteURLPar"
        },
        {
          "ancestorTitles": [
            "test utils.js"
          ],
          "duration": 4,
          "failureDetails": [],
          "failureMessages": [],
          "fullName": "test utils.js changeURLPar",
          "location": null,
          "numPassingAsserts": 0,
          "status": "passed",
          "title": "changeURLPar"
        },
        {
          "ancestorTitles": [
            "test utils.js"
          ],
          "duration": 2,
          "failureDetails": [],
          "failureMessages": [],
          "fullName": "test utils.js isString",
          "location": null,
          "numPassingAsserts": 0,
          "status": "passed",
          "title": "isString"
        },
        {
          "ancestorTitles": [
            "test utils.js"
          ],
          "duration": 0,
          "failureDetails": [],
          "failureMessages": [],
          "fullName": "test utils.js isNumber",
          "location": null,
          "numPassingAsserts": 0,
          "status": "passed",
          "title": "isNumber"
        },
        {
          "ancestorTitles": [
            "test utils.js"
          ],
          "duration": 2,
          "failureDetails": [],
          "failureMessages": [],
          "fullName": "test utils.js listConvertTree",
          "location": null,
          "numPassingAsserts": 0,
          "status": "passed",
          "title": "listConvertTree"
        },
        {
          "ancestorTitles": [
            "test utils.js"
          ],
          "duration": 10,
          "failureDetails": [],
          "failureMessages": [],
          "fullName": "test utils.js html2text",
          "location": null,
          "numPassingAsserts": 0,
          "status": "passed",
          "title": "html2text"
        },
        {
          "ancestorTitles": [
            "test utils.js"
          ],
          "duration": 0,
          "failureDetails": [],
          "failureMessages": [],
          "fullName": "test utils.js string2array",
          "location": null,
          "numPassingAsserts": 0,
          "status": "passed",
          "title": "string2array"
        }
      ],
      "failureMessage": null
    },
    {
      "leaks": false,
      "numFailingTests": 0,
      "numPassingTests": 7,
      "numPendingTests": 0,
      "numTodoTests": 0,
      "openHandles": [],
      "perfStats": {
        "end": 1647525380998,
        "runtime": 1553,
        "slow": false,
        "start": 1647525379445
      },
      "skipped": false,
      "snapshot": {
        "added": 0,
        "fileDeleted": false,
        "matched": 0,
        "unchecked": 0,
        "unmatched": 0,
        "updated": 0,
        "uncheckedKeys": []
      },
      "testFilePath": "/Users/fuyueyi/Desktop/yjy-projects/multi-project/mutilwap/src/pages/sims/tests/business-form.spec.js",
      "testResults": [
        {
          "ancestorTitles": [
            "test business-form regenFormItem"
          ],
          "duration": 8,
          "failureDetails": [],
          "failureMessages": [],
          "fullName": "test business-form regenFormItem regenFormItem",
          "location": null,
          "numPassingAsserts": 0,
          "status": "passed",
          "title": "regenFormItem"
        },
        {
          "ancestorTitles": [
            "test business-form regenFormItem"
          ],
          "duration": 1,
          "failureDetails": [],
          "failureMessages": [],
          "fullName": "test business-form regenFormItem regenFormItem hidden",
          "location": null,
          "numPassingAsserts": 0,
          "status": "passed",
          "title": "regenFormItem hidden"
        },
        {
          "ancestorTitles": [
            "test business-form regenFormItem"
          ],
          "duration": 2,
          "failureDetails": [],
          "failureMessages": [],
          "fullName": "test business-form regenFormItem regenFormItem readonly",
          "location": null,
          "numPassingAsserts": 0,
          "status": "passed",
          "title": "regenFormItem readonly"
        },
        {
          "ancestorTitles": [
            "test business-form regenFormItem"
          ],
          "duration": 4,
          "failureDetails": [],
          "failureMessages": [],
          "fullName": "test business-form regenFormItem regenFormItem disabled",
          "location": null,
          "numPassingAsserts": 0,
          "status": "passed",
          "title": "regenFormItem disabled"
        },
        {
          "ancestorTitles": [
            "test business-form regenFormItem"
          ],
          "duration": 6,
          "failureDetails": [],
          "failureMessages": [],
          "fullName": "test business-form regenFormItem regenFormItem required",
          "location": null,
          "numPassingAsserts": 0,
          "status": "passed",
          "title": "regenFormItem required"
        },
        {
          "ancestorTitles": [
            "test business-form regenFormItem"
          ],
          "duration": 3,
          "failureDetails": [],
          "failureMessages": [],
          "fullName": "test business-form regenFormItem regenFormItem ajax",
          "location": null,
          "numPassingAsserts": 0,
          "status": "passed",
          "title": "regenFormItem ajax"
        },
        {
          "ancestorTitles": [
            "test business-form regenFormItem"
          ],
          "duration": 2,
          "failureDetails": [],
          "failureMessages": [],
          "fullName": "test business-form regenFormItem regenFormItems",
          "location": null,
          "numPassingAsserts": 0,
          "status": "passed",
          "title": "regenFormItems"
        }
      ],
      "failureMessage": null
    },
    {
      "leaks": false,
      "numFailingTests": 0,
      "numPassingTests": 1,
      "numPendingTests": 0,
      "numTodoTests": 0,
      "openHandles": [],
      "perfStats": {
        "end": 1647525381073,
        "runtime": 1595,
        "slow": false,
        "start": 1647525379478
      },
      "skipped": false,
      "snapshot": {
        "added": 0,
        "fileDeleted": false,
        "matched": 0,
        "unchecked": 0,
        "unmatched": 0,
        "updated": 0,
        "uncheckedKeys": []
      },
      "testFilePath": "/Users/fuyueyi/Desktop/yjy-projects/multi-project/mutilwap/src/pages/jx-questionnaire-h5/tests/views-common-notfound.spec.js",
      "testResults": [
        {
          "ancestorTitles": [
            "test"
          ],
          "duration": 1,
          "failureDetails": [],
          "failureMessages": [],
          "fullName": "test 默认展示",
          "location": null,
          "numPassingAsserts": 0,
          "status": "passed",
          "title": "默认展示"
        }
      ],
      "failureMessage": null
    }
  ],
  "wasInterrupted": false,
  "coverageMap": {
    "/Users/fuyueyi/Desktop/yjy-projects/multi-project/mutilwap/src/components/common/CTable/index.vue": {
      "path": "/Users/fuyueyi/Desktop/yjy-projects/multi-project/mutilwap/src/components/common/CTable/index.vue",
      "statementMap": {
        "0": {
          "start": {
            "line": 54,
            "column": 0
          },
          "end": {
            "line": 54,
            "column": null
          }
        },
        "1": {
          "start": {
            "line": 65,
            "column": 0
          },
          "end": {
            "line": 65,
            "column": null
          }
        },
        "2": {
          "start": {
            "line": 71,
            "column": 0
          },
          "end": {
            "line": 71,
            "column": null
          }
        },
        "3": {
          "start": {
            "line": 72,
            "column": 0
          },
          "end": {
            "line": 74,
            "column": null
          }
        },
        "4": {
          "start": {
            "line": 73,
            "column": 0
          },
          "end": {
            "line": 73,
            "column": null
          }
        },
        "5": {
          "start": {
            "line": 83,
            "column": 0
          },
          "end": {
            "line": 83,
            "column": null
          }
        },
        "6": {
          "start": {
            "line": 84,
            "column": 0
          },
          "end": {
            "line": 84,
            "column": null
          }
        },
        "7": {
          "start": {
            "line": 85,
            "column": 0
          },
          "end": {
            "line": 85,
            "column": null
          }
        }
      },
      "fnMap": {
        "0": {
          "name": "activated",
          "decl": {
            "start": {
              "line": 63,
              "column": 0
            },
            "end": {
              "line": 63,
              "column": null
            }
          },
          "loc": {
            "start": {
              "line": 63,
              "column": 0
            },
            "end": {
              "line": 66,
              "column": null
            }
          }
        },
        "1": {
          "name": "doLayout",
          "decl": {
            "start": {
              "line": 71,
              "column": 0
            },
            "end": {
              "line": 71,
              "column": null
            }
          },
          "loc": {
            "start": {
              "line": 71,
              "column": 0
            },
            "end": {
              "line": 75,
              "column": null
            }
          }
        },
        "2": {
          "name": "(anonymous_3)",
          "decl": {
            "start": {
              "line": 72,
              "column": 0
            },
            "end": {
              "line": 72,
              "column": null
            }
          },
          "loc": {
            "start": {
              "line": 72,
              "column": 0
            },
            "end": {
              "line": 74,
              "column": null
            }
          }
        },
        "3": {
          "name": "isShowButton",
          "decl": {
            "start": {
              "line": 82,
              "column": 0
            },
            "end": {
              "line": 82,
              "column": null
            }
          },
          "loc": {
            "start": {
              "line": 82,
              "column": 0
            },
            "end": {
              "line": 86,
              "column": null
            }
          }
        }
      },
      "branchMap": {
        "0": {
          "loc": {
            "start": {
              "line": 73,
              "column": 0
            },
            "end": {
              "line": 73,
              "column": null
            }
          },
          "type": "binary-expr",
          "locations": [
            {
              "start": {
                "line": 73,
                "column": 0
              },
              "end": {
                "line": 73,
                "column": null
              }
            },
            {
              "start": {
                "line": 73,
                "column": 0
              },
              "end": {
                "line": 73,
                "column": null
              }
            }
          ]
        },
        "1": {
          "loc": {
            "start": {
              "line": 84,
              "column": 0
            },
            "end": {
              "line": 84,
              "column": null
            }
          },
          "type": "if",
          "locations": [
            {
              "start": {
                "line": 84,
                "column": 0
              },
              "end": {
                "line": 84,
                "column": null
              }
            },
            {
              "start": {
                "line": 84,
                "column": 0
              },
              "end": {
                "line": 84,
                "column": null
              }
            }
          ]
        }
      },
      "s": {
        "0": 1,
        "1": 0,
        "2": 1,
        "3": 1,
        "4": 1,
        "5": 4,
        "6": 6,
        "7": 2
      },
      "f": {
        "0": 0,
        "1": 1,
        "2": 1,
        "3": 4
      },
      "b": {
        "0": [
          1,
          1
        ],
        "1": [
          2,
          2
        ]
      }
    },
    "/Users/fuyueyi/Desktop/yjy-projects/multi-project/mutilwap/src/components/common/CTable/props.js": {
      "path": "/Users/fuyueyi/Desktop/yjy-projects/multi-project/mutilwap/src/components/common/CTable/props.js",
      "statementMap": {
        "0": {
          "start": {
            "line": 1,
            "column": 12
          },
          "end": {
            "line": 163,
            "column": 1
          }
        },
        "1": {
          "start": {
            "line": 7,
            "column": 6
          },
          "end": {
            "line": 7,
            "column": 16
          }
        },
        "2": {
          "start": {
            "line": 15,
            "column": 6
          },
          "end": {
            "line": 15,
            "column": 16
          }
        }
      },
      "fnMap": {
        "0": {
          "name": "(anonymous_0)",
          "decl": {
            "start": {
              "line": 6,
              "column": 13
            },
            "end": {
              "line": 6,
              "column": 14
            }
          },
          "loc": {
            "start": {
              "line": 6,
              "column": 19
            },
            "end": {
              "line": 8,
              "column": 5
            }
          },
          "line": 6
        },
        "1": {
          "name": "(anonymous_1)",
          "decl": {
            "start": {
              "line": 14,
              "column": 13
            },
            "end": {
              "line": 14,
              "column": 14
            }
          },
          "loc": {
            "start": {
              "line": 14,
              "column": 19
            },
            "end": {
              "line": 16,
              "column": 5
            }
          },
          "line": 14
        }
      },
      "branchMap": {},
      "s": {
        "0": 1,
        "1": 1,
        "2": 1
      },
      "f": {
        "0": 1,
        "1": 1
      },
      "b": {},
      "_coverageSchema": "1a1c01bbd47fc00a2c39e90264f33305004495a9",
      "hash": "64d8ef08e0ecac45cec3d70e52a01c70fb7dc875"
    },
    "/Users/fuyueyi/Desktop/yjy-projects/multi-project/mutilwap/src/plugins/common/dynamic-form-utils.js": {
      "path": "/Users/fuyueyi/Desktop/yjy-projects/multi-project/mutilwap/src/plugins/common/dynamic-form-utils.js",
      "statementMap": {
        "0": {
          "start": {
            "line": 9,
            "column": 23
          },
          "end": {
            "line": 9,
            "column": 38
          }
        },
        "1": {
          "start": {
            "line": 11,
            "column": 14
          },
          "end": {
            "line": 14,
            "column": 8
          }
        },
        "2": {
          "start": {
            "line": 12,
            "column": 4
          },
          "end": {
            "line": 12,
            "column": 28
          }
        },
        "3": {
          "start": {
            "line": 13,
            "column": 4
          },
          "end": {
            "line": 13,
            "column": 15
          }
        },
        "4": {
          "start": {
            "line": 15,
            "column": 2
          },
          "end": {
            "line": 21,
            "column": 5
          }
        },
        "5": {
          "start": {
            "line": 16,
            "column": 4
          },
          "end": {
            "line": 16,
            "column": 54
          }
        },
        "6": {
          "start": {
            "line": 16,
            "column": 26
          },
          "end": {
            "line": 16,
            "column": 54
          }
        },
        "7": {
          "start": {
            "line": 17,
            "column": 16
          },
          "end": {
            "line": 17,
            "column": 36
          }
        },
        "8": {
          "start": {
            "line": 18,
            "column": 4
          },
          "end": {
            "line": 18,
            "column": 35
          }
        },
        "9": {
          "start": {
            "line": 18,
            "column": 28
          },
          "end": {
            "line": 18,
            "column": 35
          }
        },
        "10": {
          "start": {
            "line": 19,
            "column": 21
          },
          "end": {
            "line": 19,
            "column": 34
          }
        },
        "11": {
          "start": {
            "line": 20,
            "column": 4
          },
          "end": {
            "line": 20,
            "column": 72
          }
        },
        "12": {
          "start": {
            "line": 22,
            "column": 2
          },
          "end": {
            "line": 22,
            "column": 22
          }
        },
        "13": {
          "start": {
            "line": 38,
            "column": 13
          },
          "end": {
            "line": 38,
            "column": 60
          }
        },
        "14": {
          "start": {
            "line": 39,
            "column": 15
          },
          "end": {
            "line": 39,
            "column": 17
          }
        },
        "15": {
          "start": {
            "line": 40,
            "column": 2
          },
          "end": {
            "line": 67,
            "column": 5
          }
        },
        "16": {
          "start": {
            "line": 41,
            "column": 22
          },
          "end": {
            "line": 41,
            "column": 40
          }
        },
        "17": {
          "start": {
            "line": 42,
            "column": 22
          },
          "end": {
            "line": 42,
            "column": 40
          }
        },
        "18": {
          "start": {
            "line": 43,
            "column": 22
          },
          "end": {
            "line": 43,
            "column": 33
          }
        },
        "19": {
          "start": {
            "line": 44,
            "column": 22
          },
          "end": {
            "line": 44,
            "column": 33
          }
        },
        "20": {
          "start": {
            "line": 45,
            "column": 21
          },
          "end": {
            "line": 45,
            "column": 39
          }
        },
        "21": {
          "start": {
            "line": 46,
            "column": 21
          },
          "end": {
            "line": 46,
            "column": 39
          }
        },
        "22": {
          "start": {
            "line": 47,
            "column": 4
          },
          "end": {
            "line": 49,
            "column": 5
          }
        },
        "23": {
          "start": {
            "line": 48,
            "column": 6
          },
          "end": {
            "line": 48,
            "column": 39
          }
        },
        "24": {
          "start": {
            "line": 50,
            "column": 4
          },
          "end": {
            "line": 66,
            "column": 5
          }
        },
        "25": {
          "start": {
            "line": 51,
            "column": 6
          },
          "end": {
            "line": 62,
            "column": 7
          }
        },
        "26": {
          "start": {
            "line": 52,
            "column": 8
          },
          "end": {
            "line": 52,
            "column": 34
          }
        },
        "27": {
          "start": {
            "line": 53,
            "column": 13
          },
          "end": {
            "line": 62,
            "column": 7
          }
        },
        "28": {
          "start": {
            "line": 58,
            "column": 8
          },
          "end": {
            "line": 58,
            "column": 61
          }
        },
        "29": {
          "start": {
            "line": 61,
            "column": 8
          },
          "end": {
            "line": 61,
            "column": 34
          }
        },
        "30": {
          "start": {
            "line": 65,
            "column": 6
          },
          "end": {
            "line": 65,
            "column": 60
          }
        },
        "31": {
          "start": {
            "line": 68,
            "column": 2
          },
          "end": {
            "line": 68,
            "column": 16
          }
        }
      },
      "fnMap": {
        "0": {
          "name": "formItemsMergeOptions",
          "decl": {
            "start": {
              "line": 8,
              "column": 16
            },
            "end": {
              "line": 8,
              "column": 37
            }
          },
          "loc": {
            "start": {
              "line": 8,
              "column": 54
            },
            "end": {
              "line": 23,
              "column": 1
            }
          },
          "line": 8
        },
        "1": {
          "name": "(anonymous_1)",
          "decl": {
            "start": {
              "line": 11,
              "column": 28
            },
            "end": {
              "line": 11,
              "column": 29
            }
          },
          "loc": {
            "start": {
              "line": 11,
              "column": 51
            },
            "end": {
              "line": 14,
              "column": 3
            }
          },
          "line": 11
        },
        "2": {
          "name": "(anonymous_2)",
          "decl": {
            "start": {
              "line": 15,
              "column": 17
            },
            "end": {
              "line": 15,
              "column": 18
            }
          },
          "loc": {
            "start": {
              "line": 15,
              "column": 31
            },
            "end": {
              "line": 21,
              "column": 3
            }
          },
          "line": 15
        },
        "3": {
          "name": "mergeOptions",
          "decl": {
            "start": {
              "line": 37,
              "column": 9
            },
            "end": {
              "line": 37,
              "column": 21
            }
          },
          "loc": {
            "start": {
              "line": 37,
              "column": 38
            },
            "end": {
              "line": 69,
              "column": 1
            }
          },
          "line": 37
        },
        "4": {
          "name": "(anonymous_4)",
          "decl": {
            "start": {
              "line": 40,
              "column": 15
            },
            "end": {
              "line": 40,
              "column": 16
            }
          },
          "loc": {
            "start": {
              "line": 40,
              "column": 22
            },
            "end": {
              "line": 67,
              "column": 3
            }
          },
          "line": 40
        }
      },
      "branchMap": {
        "0": {
          "loc": {
            "start": {
              "line": 16,
              "column": 4
            },
            "end": {
              "line": 16,
              "column": 54
            }
          },
          "type": "if",
          "locations": [
            {
              "start": {
                "line": 16,
                "column": 4
              },
              "end": {
                "line": 16,
                "column": 54
              }
            },
            {
              "start": {
                "line": 16,
                "column": 4
              },
              "end": {
                "line": 16,
                "column": 54
              }
            }
          ],
          "line": 16
        },
        "1": {
          "loc": {
            "start": {
              "line": 18,
              "column": 4
            },
            "end": {
              "line": 18,
              "column": 35
            }
          },
          "type": "if",
          "locations": [
            {
              "start": {
                "line": 18,
                "column": 4
              },
              "end": {
                "line": 18,
                "column": 35
              }
            },
            {
              "start": {
                "line": 18,
                "column": 4
              },
              "end": {
                "line": 18,
                "column": 35
              }
            }
          ],
          "line": 18
        },
        "2": {
          "loc": {
            "start": {
              "line": 47,
              "column": 4
            },
            "end": {
              "line": 49,
              "column": 5
            }
          },
          "type": "if",
          "locations": [
            {
              "start": {
                "line": 47,
                "column": 4
              },
              "end": {
                "line": 49,
                "column": 5
              }
            },
            {
              "start": {
                "line": 47,
                "column": 4
              },
              "end": {
                "line": 49,
                "column": 5
              }
            }
          ],
          "line": 47
        },
        "3": {
          "loc": {
            "start": {
              "line": 47,
              "column": 8
            },
            "end": {
              "line": 47,
              "column": 63
            }
          },
          "type": "binary-expr",
          "locations": [
            {
              "start": {
                "line": 47,
                "column": 8
              },
              "end": {
                "line": 47,
                "column": 19
              }
            },
            {
              "start": {
                "line": 47,
                "column": 23
              },
              "end": {
                "line": 47,
                "column": 34
              }
            },
            {
              "start": {
                "line": 47,
                "column": 38
              },
              "end": {
                "line": 47,
                "column": 63
              }
            }
          ],
          "line": 47
        },
        "4": {
          "loc": {
            "start": {
              "line": 50,
              "column": 4
            },
            "end": {
              "line": 66,
              "column": 5
            }
          },
          "type": "if",
          "locations": [
            {
              "start": {
                "line": 50,
                "column": 4
              },
              "end": {
                "line": 66,
                "column": 5
              }
            },
            {
              "start": {
                "line": 50,
                "column": 4
              },
              "end": {
                "line": 66,
                "column": 5
              }
            }
          ],
          "line": 50
        },
        "5": {
          "loc": {
            "start": {
              "line": 50,
              "column": 8
            },
            "end": {
              "line": 50,
              "column": 34
            }
          },
          "type": "binary-expr",
          "locations": [
            {
              "start": {
                "line": 50,
                "column": 8
              },
              "end": {
                "line": 50,
                "column": 19
              }
            },
            {
              "start": {
                "line": 50,
                "column": 23
              },
              "end": {
                "line": 50,
                "column": 34
              }
            }
          ],
          "line": 50
        },
        "6": {
          "loc": {
            "start": {
              "line": 51,
              "column": 6
            },
            "end": {
              "line": 62,
              "column": 7
            }
          },
          "type": "if",
          "locations": [
            {
              "start": {
                "line": 51,
                "column": 6
              },
              "end": {
                "line": 62,
                "column": 7
              }
            },
            {
              "start": {
                "line": 51,
                "column": 6
              },
              "end": {
                "line": 62,
                "column": 7
              }
            }
          ],
          "line": 51
        },
        "7": {
          "loc": {
            "start": {
              "line": 53,
              "column": 13
            },
            "end": {
              "line": 62,
              "column": 7
            }
          },
          "type": "if",
          "locations": [
            {
              "start": {
                "line": 53,
                "column": 13
              },
              "end": {
                "line": 62,
                "column": 7
              }
            },
            {
              "start": {
                "line": 53,
                "column": 13
              },
              "end": {
                "line": 62,
                "column": 7
              }
            }
          ],
          "line": 53
        },
        "8": {
          "loc": {
            "start": {
              "line": 54,
              "column": 8
            },
            "end": {
              "line": 55,
              "column": 35
            }
          },
          "type": "binary-expr",
          "locations": [
            {
              "start": {
                "line": 54,
                "column": 8
              },
              "end": {
                "line": 54,
                "column": 39
              }
            },
            {
              "start": {
                "line": 55,
                "column": 8
              },
              "end": {
                "line": 55,
                "column": 35
              }
            }
          ],
          "line": 54
        },
        "9": {
          "loc": {
            "start": {
              "line": 65,
              "column": 20
            },
            "end": {
              "line": 65,
              "column": 59
            }
          },
          "type": "cond-expr",
          "locations": [
            {
              "start": {
                "line": 65,
                "column": 34
              },
              "end": {
                "line": 65,
                "column": 45
              }
            },
            {
              "start": {
                "line": 65,
                "column": 48
              },
              "end": {
                "line": 65,
                "column": 59
              }
            }
          ],
          "line": 65
        }
      },
      "s": {
        "0": 5,
        "1": 5,
        "2": 4,
        "3": 4,
        "4": 5,
        "5": 4,
        "6": 1,
        "7": 3,
        "8": 3,
        "9": 1,
        "10": 2,
        "11": 2,
        "12": 4,
        "13": 4,
        "14": 4,
        "15": 4,
        "16": 17,
        "17": 17,
        "18": 17,
        "19": 17,
        "20": 17,
        "21": 17,
        "22": 17,
        "23": 0,
        "24": 17,
        "25": 14,
        "26": 0,
        "27": 14,
        "28": 2,
        "29": 12,
        "30": 3,
        "31": 4
      },
      "f": {
        "0": 5,
        "1": 4,
        "2": 4,
        "3": 4,
        "4": 17
      },
      "b": {
        "0": [
          1,
          3
        ],
        "1": [
          1,
          2
        ],
        "2": [
          0,
          17
        ],
        "3": [
          17,
          14,
          10
        ],
        "4": [
          14,
          3
        ],
        "5": [
          17,
          14
        ],
        "6": [
          0,
          14
        ],
        "7": [
          2,
          12
        ],
        "8": [
          14,
          4
        ],
        "9": [
          0,
          3
        ]
      },
      "_coverageSchema": "1a1c01bbd47fc00a2c39e90264f33305004495a9",
      "hash": "630d1292b86fc0fbd0a52ad6cbadececd77d298d"
    },
    "/Users/fuyueyi/Desktop/yjy-projects/multi-project/mutilwap/src/plugins/common/utils.js": {
      "path": "/Users/fuyueyi/Desktop/yjy-projects/multi-project/mutilwap/src/plugins/common/utils.js",
      "statementMap": {
        "0": {
          "start": {
            "line": 3,
            "column": 14
          },
          "end": {
            "line": 383,
            "column": 1
          }
        },
        "1": {
          "start": {
            "line": 15,
            "column": 16
          },
          "end": {
            "line": 30,
            "column": 5
          }
        },
        "2": {
          "start": {
            "line": 17,
            "column": 17
          },
          "end": {
            "line": 17,
            "column": 49
          }
        },
        "3": {
          "start": {
            "line": 20,
            "column": 6
          },
          "end": {
            "line": 29,
            "column": 7
          }
        },
        "4": {
          "start": {
            "line": 21,
            "column": 8
          },
          "end": {
            "line": 21,
            "column": 49
          }
        },
        "5": {
          "start": {
            "line": 23,
            "column": 8
          },
          "end": {
            "line": 23,
            "column": 23
          }
        },
        "6": {
          "start": {
            "line": 25,
            "column": 8
          },
          "end": {
            "line": 28,
            "column": 9
          }
        },
        "7": {
          "start": {
            "line": 26,
            "column": 10
          },
          "end": {
            "line": 26,
            "column": 45
          }
        },
        "8": {
          "start": {
            "line": 27,
            "column": 10
          },
          "end": {
            "line": 27,
            "column": 46
          }
        },
        "9": {
          "start": {
            "line": 27,
            "column": 24
          },
          "end": {
            "line": 27,
            "column": 46
          }
        },
        "10": {
          "start": {
            "line": 32,
            "column": 4
          },
          "end": {
            "line": 45,
            "column": 6
          }
        },
        "11": {
          "start": {
            "line": 33,
            "column": 6
          },
          "end": {
            "line": 33,
            "column": 21
          }
        },
        "12": {
          "start": {
            "line": 34,
            "column": 6
          },
          "end": {
            "line": 34,
            "column": 23
          }
        },
        "13": {
          "start": {
            "line": 35,
            "column": 6
          },
          "end": {
            "line": 35,
            "column": 39
          }
        },
        "14": {
          "start": {
            "line": 36,
            "column": 20
          },
          "end": {
            "line": 36,
            "column": 41
          }
        },
        "15": {
          "start": {
            "line": 38,
            "column": 6
          },
          "end": {
            "line": 38,
            "column": 54
          }
        },
        "16": {
          "start": {
            "line": 38,
            "column": 20
          },
          "end": {
            "line": 38,
            "column": 54
          }
        },
        "17": {
          "start": {
            "line": 39,
            "column": 6
          },
          "end": {
            "line": 42,
            "column": 7
          }
        },
        "18": {
          "start": {
            "line": 40,
            "column": 8
          },
          "end": {
            "line": 40,
            "column": 43
          }
        },
        "19": {
          "start": {
            "line": 41,
            "column": 8
          },
          "end": {
            "line": 41,
            "column": 30
          }
        },
        "20": {
          "start": {
            "line": 44,
            "column": 6
          },
          "end": {
            "line": 44,
            "column": 20
          }
        },
        "21": {
          "start": {
            "line": 53,
            "column": 4
          },
          "end": {
            "line": 53,
            "column": 34
          }
        },
        "22": {
          "start": {
            "line": 53,
            "column": 20
          },
          "end": {
            "line": 53,
            "column": 34
          }
        },
        "23": {
          "start": {
            "line": 54,
            "column": 4
          },
          "end": {
            "line": 65,
            "column": 5
          }
        },
        "24": {
          "start": {
            "line": 56,
            "column": 16
          },
          "end": {
            "line": 56,
            "column": 36
          }
        },
        "25": {
          "start": {
            "line": 57,
            "column": 6
          },
          "end": {
            "line": 57,
            "column": 36
          }
        },
        "26": {
          "start": {
            "line": 58,
            "column": 11
          },
          "end": {
            "line": 65,
            "column": 5
          }
        },
        "27": {
          "start": {
            "line": 60,
            "column": 6
          },
          "end": {
            "line": 64,
            "column": 30
          }
        },
        "28": {
          "start": {
            "line": 67,
            "column": 4
          },
          "end": {
            "line": 98,
            "column": 5
          }
        },
        "29": {
          "start": {
            "line": 68,
            "column": 6
          },
          "end": {
            "line": 97,
            "column": 8
          }
        },
        "30": {
          "start": {
            "line": 69,
            "column": 16
          },
          "end": {
            "line": 77,
            "column": 9
          }
        },
        "31": {
          "start": {
            "line": 79,
            "column": 8
          },
          "end": {
            "line": 84,
            "column": 9
          }
        },
        "32": {
          "start": {
            "line": 80,
            "column": 10
          },
          "end": {
            "line": 83,
            "column": 12
          }
        },
        "33": {
          "start": {
            "line": 86,
            "column": 8
          },
          "end": {
            "line": 95,
            "column": 9
          }
        },
        "34": {
          "start": {
            "line": 87,
            "column": 10
          },
          "end": {
            "line": 94,
            "column": 11
          }
        },
        "35": {
          "start": {
            "line": 88,
            "column": 12
          },
          "end": {
            "line": 93,
            "column": 14
          }
        },
        "36": {
          "start": {
            "line": 96,
            "column": 8
          },
          "end": {
            "line": 96,
            "column": 22
          }
        },
        "37": {
          "start": {
            "line": 100,
            "column": 21
          },
          "end": {
            "line": 100,
            "column": 46
          }
        },
        "38": {
          "start": {
            "line": 101,
            "column": 4
          },
          "end": {
            "line": 101,
            "column": 41
          }
        },
        "39": {
          "start": {
            "line": 108,
            "column": 4
          },
          "end": {
            "line": 108,
            "column": 55
          }
        },
        "40": {
          "start": {
            "line": 114,
            "column": 4
          },
          "end": {
            "line": 114,
            "column": 55
          }
        },
        "41": {
          "start": {
            "line": 120,
            "column": 4
          },
          "end": {
            "line": 120,
            "column": 55
          }
        },
        "42": {
          "start": {
            "line": 126,
            "column": 4
          },
          "end": {
            "line": 126,
            "column": 55
          }
        },
        "43": {
          "start": {
            "line": 132,
            "column": 12
          },
          "end": {
            "line": 132,
            "column": 27
          }
        },
        "44": {
          "start": {
            "line": 133,
            "column": 4
          },
          "end": {
            "line": 135,
            "column": 5
          }
        },
        "45": {
          "start": {
            "line": 134,
            "column": 6
          },
          "end": {
            "line": 134,
            "column": 13
          }
        },
        "46": {
          "start": {
            "line": 136,
            "column": 4
          },
          "end": {
            "line": 136,
            "column": 36
          }
        },
        "47": {
          "start": {
            "line": 137,
            "column": 4
          },
          "end": {
            "line": 137,
            "column": 13
          }
        },
        "48": {
          "start": {
            "line": 143,
            "column": 22
          },
          "end": {
            "line": 143,
            "column": 38
          }
        },
        "49": {
          "start": {
            "line": 144,
            "column": 4
          },
          "end": {
            "line": 144,
            "column": 36
          }
        },
        "50": {
          "start": {
            "line": 144,
            "column": 25
          },
          "end": {
            "line": 144,
            "column": 36
          }
        },
        "51": {
          "start": {
            "line": 145,
            "column": 18
          },
          "end": {
            "line": 145,
            "column": 44
          }
        },
        "52": {
          "start": {
            "line": 146,
            "column": 16
          },
          "end": {
            "line": 146,
            "column": 43
          }
        },
        "53": {
          "start": {
            "line": 147,
            "column": 4
          },
          "end": {
            "line": 165,
            "column": 5
          }
        },
        "54": {
          "start": {
            "line": 148,
            "column": 16
          },
          "end": {
            "line": 148,
            "column": 18
          }
        },
        "55": {
          "start": {
            "line": 149,
            "column": 16
          },
          "end": {
            "line": 149,
            "column": 32
          }
        },
        "56": {
          "start": {
            "line": 150,
            "column": 6
          },
          "end": {
            "line": 155,
            "column": 7
          }
        },
        "57": {
          "start": {
            "line": 150,
            "column": 19
          },
          "end": {
            "line": 150,
            "column": 33
          }
        },
        "58": {
          "start": {
            "line": 151,
            "column": 18
          },
          "end": {
            "line": 151,
            "column": 24
          }
        },
        "59": {
          "start": {
            "line": 152,
            "column": 8
          },
          "end": {
            "line": 152,
            "column": 35
          }
        },
        "60": {
          "start": {
            "line": 153,
            "column": 8
          },
          "end": {
            "line": 153,
            "column": 47
          }
        },
        "61": {
          "start": {
            "line": 154,
            "column": 8
          },
          "end": {
            "line": 154,
            "column": 29
          }
        },
        "62": {
          "start": {
            "line": 156,
            "column": 6
          },
          "end": {
            "line": 156,
            "column": 23
          }
        },
        "63": {
          "start": {
            "line": 157,
            "column": 19
          },
          "end": {
            "line": 157,
            "column": 21
          }
        },
        "64": {
          "start": {
            "line": 158,
            "column": 6
          },
          "end": {
            "line": 160,
            "column": 7
          }
        },
        "65": {
          "start": {
            "line": 159,
            "column": 8
          },
          "end": {
            "line": 159,
            "column": 59
          }
        },
        "66": {
          "start": {
            "line": 159,
            "column": 22
          },
          "end": {
            "line": 159,
            "column": 59
          }
        },
        "67": {
          "start": {
            "line": 161,
            "column": 16
          },
          "end": {
            "line": 161,
            "column": 29
          }
        },
        "68": {
          "start": {
            "line": 162,
            "column": 6
          },
          "end": {
            "line": 162,
            "column": 54
          }
        },
        "69": {
          "start": {
            "line": 162,
            "column": 19
          },
          "end": {
            "line": 162,
            "column": 54
          }
        },
        "70": {
          "start": {
            "line": 164,
            "column": 6
          },
          "end": {
            "line": 164,
            "column": 51
          }
        },
        "71": {
          "start": {
            "line": 166,
            "column": 4
          },
          "end": {
            "line": 166,
            "column": 15
          }
        },
        "72": {
          "start": {
            "line": 175,
            "column": 14
          },
          "end": {
            "line": 175,
            "column": 17
          }
        },
        "73": {
          "start": {
            "line": 176,
            "column": 23
          },
          "end": {
            "line": 176,
            "column": 25
          }
        },
        "74": {
          "start": {
            "line": 177,
            "column": 23
          },
          "end": {
            "line": 177,
            "column": 25
          }
        },
        "75": {
          "start": {
            "line": 178,
            "column": 23
          },
          "end": {
            "line": 178,
            "column": 25
          }
        },
        "76": {
          "start": {
            "line": 179,
            "column": 27
          },
          "end": {
            "line": 179,
            "column": 43
          }
        },
        "77": {
          "start": {
            "line": 180,
            "column": 4
          },
          "end": {
            "line": 187,
            "column": 5
          }
        },
        "78": {
          "start": {
            "line": 181,
            "column": 6
          },
          "end": {
            "line": 181,
            "column": 50
          }
        },
        "79": {
          "start": {
            "line": 182,
            "column": 6
          },
          "end": {
            "line": 182,
            "column": 53
          }
        },
        "80": {
          "start": {
            "line": 183,
            "column": 6
          },
          "end": {
            "line": 183,
            "column": 61
          }
        },
        "81": {
          "start": {
            "line": 186,
            "column": 6
          },
          "end": {
            "line": 186,
            "column": 33
          }
        },
        "82": {
          "start": {
            "line": 188,
            "column": 4
          },
          "end": {
            "line": 198,
            "column": 5
          }
        },
        "83": {
          "start": {
            "line": 190,
            "column": 6
          },
          "end": {
            "line": 190,
            "column": 57
          }
        },
        "84": {
          "start": {
            "line": 191,
            "column": 6
          },
          "end": {
            "line": 191,
            "column": 45
          }
        },
        "85": {
          "start": {
            "line": 194,
            "column": 17
          },
          "end": {
            "line": 194,
            "column": 46
          }
        },
        "86": {
          "start": {
            "line": 195,
            "column": 6
          },
          "end": {
            "line": 197,
            "column": 30
          }
        },
        "87": {
          "start": {
            "line": 199,
            "column": 20
          },
          "end": {
            "line": 199,
            "column": 22
          }
        },
        "88": {
          "start": {
            "line": 200,
            "column": 19
          },
          "end": {
            "line": 200,
            "column": 21
          }
        },
        "89": {
          "start": {
            "line": 202,
            "column": 17
          },
          "end": {
            "line": 202,
            "column": 20
          }
        },
        "90": {
          "start": {
            "line": 204,
            "column": 4
          },
          "end": {
            "line": 244,
            "column": 5
          }
        },
        "91": {
          "start": {
            "line": 206,
            "column": 6
          },
          "end": {
            "line": 206,
            "column": 27
          }
        },
        "92": {
          "start": {
            "line": 207,
            "column": 6
          },
          "end": {
            "line": 213,
            "column": 7
          }
        },
        "93": {
          "start": {
            "line": 207,
            "column": 19
          },
          "end": {
            "line": 207,
            "column": 20
          }
        },
        "94": {
          "start": {
            "line": 208,
            "column": 17
          },
          "end": {
            "line": 208,
            "column": 23
          }
        },
        "95": {
          "start": {
            "line": 209,
            "column": 8
          },
          "end": {
            "line": 212,
            "column": 9
          }
        },
        "96": {
          "start": {
            "line": 210,
            "column": 10
          },
          "end": {
            "line": 210,
            "column": 27
          }
        },
        "97": {
          "start": {
            "line": 211,
            "column": 10
          },
          "end": {
            "line": 211,
            "column": 20
          }
        },
        "98": {
          "start": {
            "line": 214,
            "column": 6
          },
          "end": {
            "line": 214,
            "column": 26
          }
        },
        "99": {
          "start": {
            "line": 216,
            "column": 6
          },
          "end": {
            "line": 216,
            "column": 27
          }
        },
        "100": {
          "start": {
            "line": 217,
            "column": 6
          },
          "end": {
            "line": 226,
            "column": 7
          }
        },
        "101": {
          "start": {
            "line": 217,
            "column": 19
          },
          "end": {
            "line": 217,
            "column": 20
          }
        },
        "102": {
          "start": {
            "line": 218,
            "column": 18
          },
          "end": {
            "line": 218,
            "column": 24
          }
        },
        "103": {
          "start": {
            "line": 219,
            "column": 8
          },
          "end": {
            "line": 224,
            "column": 9
          }
        },
        "104": {
          "start": {
            "line": 220,
            "column": 10
          },
          "end": {
            "line": 220,
            "column": 27
          }
        },
        "105": {
          "start": {
            "line": 221,
            "column": 10
          },
          "end": {
            "line": 221,
            "column": 23
          }
        },
        "106": {
          "start": {
            "line": 223,
            "column": 10
          },
          "end": {
            "line": 223,
            "column": 65
          }
        },
        "107": {
          "start": {
            "line": 225,
            "column": 8
          },
          "end": {
            "line": 225,
            "column": 76
          }
        },
        "108": {
          "start": {
            "line": 227,
            "column": 6
          },
          "end": {
            "line": 227,
            "column": 60
          }
        },
        "109": {
          "start": {
            "line": 228,
            "column": 6
          },
          "end": {
            "line": 229,
            "column": 56
          }
        },
        "110": {
          "start": {
            "line": 229,
            "column": 8
          },
          "end": {
            "line": 229,
            "column": 56
          }
        },
        "111": {
          "start": {
            "line": 231,
            "column": 6
          },
          "end": {
            "line": 243,
            "column": 43
          }
        },
        "112": {
          "start": {
            "line": 232,
            "column": 18
          },
          "end": {
            "line": 232,
            "column": 21
          }
        },
        "113": {
          "start": {
            "line": 233,
            "column": 8
          },
          "end": {
            "line": 233,
            "column": 29
          }
        },
        "114": {
          "start": {
            "line": 234,
            "column": 8
          },
          "end": {
            "line": 239,
            "column": 9
          }
        },
        "115": {
          "start": {
            "line": 235,
            "column": 10
          },
          "end": {
            "line": 235,
            "column": 27
          }
        },
        "116": {
          "start": {
            "line": 236,
            "column": 10
          },
          "end": {
            "line": 236,
            "column": 23
          }
        },
        "117": {
          "start": {
            "line": 238,
            "column": 10
          },
          "end": {
            "line": 238,
            "column": 51
          }
        },
        "118": {
          "start": {
            "line": 240,
            "column": 8
          },
          "end": {
            "line": 240,
            "column": 44
          }
        },
        "119": {
          "start": {
            "line": 241,
            "column": 8
          },
          "end": {
            "line": 242,
            "column": 58
          }
        },
        "120": {
          "start": {
            "line": 242,
            "column": 10
          },
          "end": {
            "line": 242,
            "column": 58
          }
        },
        "121": {
          "start": {
            "line": 243,
            "column": 13
          },
          "end": {
            "line": 243,
            "column": 43
          }
        },
        "122": {
          "start": {
            "line": 245,
            "column": 17
          },
          "end": {
            "line": 247,
            "column": 47
          }
        },
        "123": {
          "start": {
            "line": 248,
            "column": 4
          },
          "end": {
            "line": 248,
            "column": 18
          }
        },
        "124": {
          "start": {
            "line": 252,
            "column": 4
          },
          "end": {
            "line": 252,
            "column": 35
          }
        },
        "125": {
          "start": {
            "line": 256,
            "column": 4
          },
          "end": {
            "line": 256,
            "column": 50
          }
        },
        "126": {
          "start": {
            "line": 272,
            "column": 4
          },
          "end": {
            "line": 272,
            "column": 56
          }
        },
        "127": {
          "start": {
            "line": 272,
            "column": 46
          },
          "end": {
            "line": 272,
            "column": 56
          }
        },
        "128": {
          "start": {
            "line": 274,
            "column": 4
          },
          "end": {
            "line": 274,
            "column": 73
          }
        },
        "129": {
          "start": {
            "line": 274,
            "column": 40
          },
          "end": {
            "line": 274,
            "column": 71
          }
        },
        "130": {
          "start": {
            "line": 276,
            "column": 16
          },
          "end": {
            "line": 276,
            "column": 18
          }
        },
        "131": {
          "start": {
            "line": 277,
            "column": 14
          },
          "end": {
            "line": 277,
            "column": 45
          }
        },
        "132": {
          "start": {
            "line": 277,
            "column": 32
          },
          "end": {
            "line": 277,
            "column": 44
          }
        },
        "133": {
          "start": {
            "line": 278,
            "column": 4
          },
          "end": {
            "line": 285,
            "column": 7
          }
        },
        "134": {
          "start": {
            "line": 279,
            "column": 15
          },
          "end": {
            "line": 279,
            "column": 26
          }
        },
        "135": {
          "start": {
            "line": 280,
            "column": 21
          },
          "end": {
            "line": 280,
            "column": 36
          }
        },
        "136": {
          "start": {
            "line": 281,
            "column": 6
          },
          "end": {
            "line": 284,
            "column": 7
          }
        },
        "137": {
          "start": {
            "line": 282,
            "column": 8
          },
          "end": {
            "line": 282,
            "column": 44
          }
        },
        "138": {
          "start": {
            "line": 283,
            "column": 8
          },
          "end": {
            "line": 283,
            "column": 58
          }
        },
        "139": {
          "start": {
            "line": 286,
            "column": 13
          },
          "end": {
            "line": 299,
            "column": 5
          }
        },
        "140": {
          "start": {
            "line": 287,
            "column": 6
          },
          "end": {
            "line": 298,
            "column": 9
          }
        },
        "141": {
          "start": {
            "line": 288,
            "column": 18
          },
          "end": {
            "line": 288,
            "column": 20
          }
        },
        "142": {
          "start": {
            "line": 289,
            "column": 8
          },
          "end": {
            "line": 293,
            "column": 11
          }
        },
        "143": {
          "start": {
            "line": 290,
            "column": 10
          },
          "end": {
            "line": 292,
            "column": 11
          }
        },
        "144": {
          "start": {
            "line": 291,
            "column": 12
          },
          "end": {
            "line": 291,
            "column": 60
          }
        },
        "145": {
          "start": {
            "line": 294,
            "column": 8
          },
          "end": {
            "line": 297,
            "column": 9
          }
        },
        "146": {
          "start": {
            "line": 295,
            "column": 10
          },
          "end": {
            "line": 295,
            "column": 31
          }
        },
        "147": {
          "start": {
            "line": 296,
            "column": 10
          },
          "end": {
            "line": 296,
            "column": 29
          }
        },
        "148": {
          "start": {
            "line": 300,
            "column": 4
          },
          "end": {
            "line": 300,
            "column": 14
          }
        },
        "149": {
          "start": {
            "line": 301,
            "column": 4
          },
          "end": {
            "line": 301,
            "column": 17
          }
        },
        "150": {
          "start": {
            "line": 310,
            "column": 4
          },
          "end": {
            "line": 310,
            "column": 30
          }
        },
        "151": {
          "start": {
            "line": 312,
            "column": 15
          },
          "end": {
            "line": 312,
            "column": 45
          }
        },
        "152": {
          "start": {
            "line": 313,
            "column": 4
          },
          "end": {
            "line": 313,
            "column": 27
          }
        },
        "153": {
          "start": {
            "line": 314,
            "column": 4
          },
          "end": {
            "line": 314,
            "column": 35
          }
        },
        "154": {
          "start": {
            "line": 315,
            "column": 4
          },
          "end": {
            "line": 315,
            "column": 67
          }
        },
        "155": {
          "start": {
            "line": 316,
            "column": 4
          },
          "end": {
            "line": 316,
            "column": 32
          }
        },
        "156": {
          "start": {
            "line": 318,
            "column": 22
          },
          "end": {
            "line": 324,
            "column": 5
          }
        },
        "157": {
          "start": {
            "line": 319,
            "column": 18
          },
          "end": {
            "line": 319,
            "column": 49
          }
        },
        "158": {
          "start": {
            "line": 320,
            "column": 6
          },
          "end": {
            "line": 320,
            "column": 28
          }
        },
        "159": {
          "start": {
            "line": 321,
            "column": 6
          },
          "end": {
            "line": 321,
            "column": 23
          }
        },
        "160": {
          "start": {
            "line": 322,
            "column": 6
          },
          "end": {
            "line": 322,
            "column": 26
          }
        },
        "161": {
          "start": {
            "line": 323,
            "column": 6
          },
          "end": {
            "line": 323,
            "column": 19
          }
        },
        "162": {
          "start": {
            "line": 326,
            "column": 4
          },
          "end": {
            "line": 337,
            "column": 5
          }
        },
        "163": {
          "start": {
            "line": 327,
            "column": 6
          },
          "end": {
            "line": 336,
            "column": 7
          }
        },
        "164": {
          "start": {
            "line": 328,
            "column": 22
          },
          "end": {
            "line": 328,
            "column": 35
          }
        },
        "165": {
          "start": {
            "line": 329,
            "column": 8
          },
          "end": {
            "line": 335,
            "column": 9
          }
        },
        "166": {
          "start": {
            "line": 330,
            "column": 10
          },
          "end": {
            "line": 332,
            "column": 13
          }
        },
        "167": {
          "start": {
            "line": 331,
            "column": 12
          },
          "end": {
            "line": 331,
            "column": 53
          }
        },
        "168": {
          "start": {
            "line": 334,
            "column": 10
          },
          "end": {
            "line": 334,
            "column": 52
          }
        },
        "169": {
          "start": {
            "line": 338,
            "column": 4
          },
          "end": {
            "line": 338,
            "column": 36
          }
        },
        "170": {
          "start": {
            "line": 339,
            "column": 4
          },
          "end": {
            "line": 339,
            "column": 18
          }
        },
        "171": {
          "start": {
            "line": 340,
            "column": 4
          },
          "end": {
            "line": 340,
            "column": 36
          }
        },
        "172": {
          "start": {
            "line": 347,
            "column": 4
          },
          "end": {
            "line": 347,
            "column": 44
          }
        },
        "173": {
          "start": {
            "line": 347,
            "column": 34
          },
          "end": {
            "line": 347,
            "column": 44
          }
        },
        "174": {
          "start": {
            "line": 348,
            "column": 14
          },
          "end": {
            "line": 348,
            "column": 43
          }
        },
        "175": {
          "start": {
            "line": 349,
            "column": 4
          },
          "end": {
            "line": 349,
            "column": 25
          }
        },
        "176": {
          "start": {
            "line": 350,
            "column": 4
          },
          "end": {
            "line": 350,
            "column": 25
          }
        },
        "177": {
          "start": {
            "line": 360,
            "column": 4
          },
          "end": {
            "line": 360,
            "column": 51
          }
        },
        "178": {
          "start": {
            "line": 360,
            "column": 41
          },
          "end": {
            "line": 360,
            "column": 51
          }
        },
        "179": {
          "start": {
            "line": 361,
            "column": 4
          },
          "end": {
            "line": 361,
            "column": 26
          }
        },
        "180": {
          "start": {
            "line": 370,
            "column": 17
          },
          "end": {
            "line": 373,
            "column": 6
          }
        },
        "181": {
          "start": {
            "line": 374,
            "column": 16
          },
          "end": {
            "line": 374,
            "column": 48
          }
        },
        "182": {
          "start": {
            "line": 375,
            "column": 17
          },
          "end": {
            "line": 375,
            "column": 44
          }
        },
        "183": {
          "start": {
            "line": 376,
            "column": 4
          },
          "end": {
            "line": 376,
            "column": 32
          }
        },
        "184": {
          "start": {
            "line": 377,
            "column": 4
          },
          "end": {
            "line": 377,
            "column": 20
          }
        },
        "185": {
          "start": {
            "line": 378,
            "column": 4
          },
          "end": {
            "line": 378,
            "column": 44
          }
        },
        "186": {
          "start": {
            "line": 379,
            "column": 4
          },
          "end": {
            "line": 379,
            "column": 36
          }
        },
        "187": {
          "start": {
            "line": 380,
            "column": 4
          },
          "end": {
            "line": 380,
            "column": 17
          }
        },
        "188": {
          "start": {
            "line": 381,
            "column": 4
          },
          "end": {
            "line": 381,
            "column": 36
          }
        },
        "189": {
          "start": {
            "line": 385,
            "column": 0
          },
          "end": {
            "line": 385,
            "column": 28
          }
        },
        "190": {
          "start": {
            "line": 386,
            "column": 0
          },
          "end": {
            "line": 386,
            "column": 21
          }
        }
      },
      "fnMap": {
        "0": {
          "name": "(anonymous_0)",
          "decl": {
            "start": {
              "line": 12,
              "column": 2
            },
            "end": {
              "line": 12,
              "column": 3
            }
          },
          "loc": {
            "start": {
              "line": 12,
              "column": 34
            },
            "end": {
              "line": 46,
              "column": 3
            }
          },
          "line": 12
        },
        "1": {
          "name": "(anonymous_1)",
          "decl": {
            "start": {
              "line": 15,
              "column": 16
            },
            "end": {
              "line": 15,
[...]
          "decl": {
            "start": {
              "line": 33,
              "column": 23
            },
            "end": {
              "line": 33,
              "column": 24
            }
          },
          "loc": {
            "start": {
              "line": 33,
              "column": 35
            },
            "end": {
              "line": 42,
              "column": 3
            }
          },
          "line": 33
        },
        "2": {
          "name": "regenFormItem",
          "decl": {
            "start": {
              "line": 51,
              "column": 16
            },
            "end": {
              "line": 51,
              "column": 29
            }
          },
          "loc": {
            "start": {
              "line": 51,
              "column": 71
            },
            "end": {
              "line": 118,
              "column": 1
            }
          },
          "line": 51
        },
        "3": {
          "name": "(anonymous_3)",
          "decl": {
            "start": {
              "line": 84,
              "column": 30
            },
            "end": {
              "line": 84,
              "column": 31
            }
          },
          "loc": {
            "start": {
              "line": 84,
              "column": 38
            },
            "end": {
              "line": 84,
              "column": 63
            }
          },
          "line": 84
        }
      },
      "branchMap": {
        "0": {
          "loc": {
            "start": {
              "line": 19,
              "column": 31
            },
            "end": {
              "line": 19,
              "column": 45
            }
          },
          "type": "default-arg",
          "locations": [
            {
              "start": {
                "line": 19,
                "column": 43
              },
              "end": {
                "line": 19,
                "column": 45
              }
            }
          ],
          "line": 19
        },
        "1": {
          "loc": {
            "start": {
              "line": 19,
              "column": 47
            },
            "end": {
              "line": 19,
              "column": 59
            }
          },
          "type": "default-arg",
          "locations": [
            {
              "start": {
                "line": 19,
                "column": 57
              },
              "end": {
                "line": 19,
                "column": 59
              }
            }
          ],
          "line": 19
        },
        "2": {
          "loc": {
            "start": {
              "line": 19,
              "column": 61
            },
            "end": {
              "line": 19,
              "column": 72
            }
          },
          "type": "default-arg",
          "locations": [
            {
              "start": {
                "line": 19,
                "column": 70
              },
              "end": {
                "line": 19,
                "column": 72
              }
            }
          ],
          "line": 19
        },
        "3": {
          "loc": {
            "start": {
              "line": 35,
              "column": 4
            },
            "end": {
              "line": 36,
              "column": 77
            }
          },
          "type": "if",
          "locations": [
            {
              "start": {
                "line": 35,
                "column": 4
              },
              "end": {
                "line": 36,
                "column": 77
              }
            },
            {
              "start": {
                "line": 35,
                "column": 4
              },
              "end": {
                "line": 36,
                "column": 77
              }
            }
          ],
          "line": 35
        },
        "4": {
          "loc": {
            "start": {
              "line": 38,
              "column": 4
            },
            "end": {
              "line": 38,
              "column": 47
            }
          },
          "type": "if",
          "locations": [
            {
              "start": {
                "line": 38,
                "column": 4
              },
              "end": {
                "line": 38,
                "column": 47
              }
            },
            {
              "start": {
                "line": 38,
                "column": 4
              },
              "end": {
                "line": 38,
                "column": 47
              }
            }
          ],
          "line": 38
        },
        "5": {
          "loc": {
            "start": {
              "line": 51,
              "column": 30
            },
            "end": {
              "line": 51,
              "column": 43
            }
          },
          "type": "default-arg",
          "locations": [
            {
              "start": {
                "line": 51,
                "column": 41
              },
              "end": {
                "line": 51,
                "column": 43
              }
            }
          ],
          "line": 51
        },
        "6": {
          "loc": {
            "start": {
              "line": 51,
              "column": 45
            },
            "end": {
              "line": 51,
              "column": 56
            }
          },
          "type": "default-arg",
          "locations": [
            {
              "start": {
                "line": 51,
                "column": 54
              },
              "end": {
                "line": 51,
                "column": 56
              }
            }
          ],
          "line": 51
        },
        "7": {
          "loc": {
            "start": {
              "line": 51,
              "column": 58
            },
            "end": {
              "line": 51,
              "column": 69
            }
          },
          "type": "default-arg",
          "locations": [
            {
              "start": {
                "line": 51,
                "column": 67
              },
              "end": {
                "line": 51,
                "column": 69
              }
            }
          ],
          "line": 51
        },
        "8": {
          "loc": {
            "start": {
              "line": 54,
              "column": 2
            },
            "end": {
              "line": 54,
              "column": 78
            }
          },
          "type": "if",
          "locations": [
            {
              "start": {
                "line": 54,
                "column": 2
              },
              "end": {
                "line": 54,
                "column": 78
              }
            },
            {
              "start": {
                "line": 54,
                "column": 2
              },
              "end": {
                "line": 54,
                "column": 78
              }
            }
          ],
          "line": 54
        },
        "9": {
          "loc": {
            "start": {
              "line": 57,
              "column": 2
            },
            "end": {
              "line": 58,
              "column": 52
            }
          },
          "type": "if",
          "locations": [
            {
              "start": {
                "line": 57,
                "column": 2
              },
              "end": {
                "line": 58,
                "column": 52
              }
            },
            {
              "start": {
                "line": 57,
                "column": 2
              },
              "end": {
                "line": 58,
                "column": 52
              }
            }
          ],
          "line": 57
        },
        "10": {
          "loc": {
            "start": {
              "line": 61,
              "column": 2
            },
            "end": {
              "line": 63,
              "column": 3
            }
          },
          "type": "if",
          "locations": [
            {
              "start": {
                "line": 61,
                "column": 2
              },
              "end": {
                "line": 63,
                "column": 3
              }
            },
            {
              "start": {
                "line": 61,
                "column": 2
              },
              "end": {
                "line": 63,
                "column": 3
              }
            }
          ],
          "line": 61
        },
        "11": {
          "loc": {
            "start": {
              "line": 61,
              "column": 6
            },
            "end": {
              "line": 61,
              "column": 70
            }
          },
          "type": "binary-expr",
          "locations": [
            {
              "start": {
                "line": 61,
                "column": 6
              },
              "end": {
                "line": 61,
                "column": 33
              }
            },
            {
              "start": {
                "line": 61,
                "column": 37
              },
              "end": {
                "line": 61,
                "column": 70
              }
            }
          ],
          "line": 61
        },
        "12": {
          "loc": {
            "start": {
              "line": 66,
              "column": 2
            },
            "end": {
              "line": 68,
              "column": 3
            }
          },
          "type": "if",
          "locations": [
            {
              "start": {
                "line": 66,
                "column": 2
              },
              "end": {
                "line": 68,
                "column": 3
              }
            },
            {
              "start": {
                "line": 66,
                "column": 2
              },
              "end": {
                "line": 68,
                "column": 3
              }
            }
          ],
          "line": 66
        },
        "13": {
          "loc": {
            "start": {
              "line": 66,
              "column": 6
            },
            "end": {
              "line": 66,
              "column": 70
            }
          },
          "type": "binary-expr",
          "locations": [
            {
              "start": {
                "line": 66,
                "column": 6
              },
              "end": {
                "line": 66,
                "column": 33
              }
            },
            {
              "start": {
                "line": 66,
                "column": 37
              },
              "end": {
                "line": 66,
                "column": 70
              }
            }
          ],
          "line": 66
        },
        "14": {
          "loc": {
            "start": {
              "line": 71,
              "column": 2
            },
            "end": {
              "line": 72,
              "column": 59
            }
          },
          "type": "if",
          "locations": [
            {
              "start": {
                "line": 71,
                "column": 2
              },
              "end": {
                "line": 72,
                "column": 59
              }
            },
            {
              "start": {
                "line": 71,
                "column": 2
              },
              "end": {
                "line": 72,
                "column": 59
              }
            }
          ],
          "line": 71
        },
        "15": {
          "loc": {
            "start": {
              "line": 75,
              "column": 2
            },
            "end": {
              "line": 76,
              "column": 59
            }
          },
          "type": "if",
          "locations": [
            {
              "start": {
                "line": 75,
                "column": 2
              },
              "end": {
                "line": 76,
                "column": 59
              }
            },
            {
              "start": {
                "line": 75,
                "column": 2
              },
              "end": {
                "line": 76,
                "column": 59
              }
            }
          ],
          "line": 75
        },
        "16": {
          "loc": {
            "start": {
              "line": 79,
              "column": 2
            },
            "end": {
              "line": 103,
              "column": 3
            }
          },
          "type": "if",
          "locations": [
            {
              "start": {
                "line": 79,
                "column": 2
              },
              "end": {
                "line": 103,
                "column": 3
              }
            },
            {
              "start": {
                "line": 79,
                "column": 2
              },
              "end": {
                "line": 103,
                "column": 3
              }
            }
          ],
          "line": 79
        },
        "17": {
          "loc": {
            "start": {
              "line": 83,
              "column": 4
            },
            "end": {
              "line": 88,
              "column": 5
            }
          },
          "type": "if",
          "locations": [
            {
              "start": {
                "line": 83,
                "column": 4
              },
              "end": {
                "line": 88,
                "column": 5
              }
            },
            {
              "start": {
                "line": 83,
                "column": 4
              },
              "end": {
                "line": 88,
                "column": 5
              }
            }
          ],
          "line": 83
        },
        "18": {
          "loc": {
            "start": {
              "line": 91,
              "column": 4
            },
            "end": {
              "line": 101,
              "column": 5
            }
          },
          "type": "if",
          "locations": [
            {
              "start": {
                "line": 91,
                "column": 4
              },
              "end": {
                "line": 101,
                "column": 5
              }
            },
            {
              "start": {
                "line": 91,
                "column": 4
              },
              "end": {
                "line": 101,
                "column": 5
              }
            }
          ],
          "line": 91
        },
        "19": {
          "loc": {
            "start": {
              "line": 99,
              "column": 18
            },
            "end": {
              "line": 99,
              "column": 41
            }
          },
          "type": "binary-expr",
          "locations": [
            {
              "start": {
                "line": 99,
                "column": 18
              },
              "end": {
                "line": 99,
                "column": 35
              }
            },
            {
              "start": {
                "line": 99,
                "column": 39
              },
              "end": {
                "line": 99,
                "column": 41
              }
            }
          ],
          "line": 99
        },
        "20": {
          "loc": {
            "start": {
              "line": 106,
              "column": 2
            },
            "end": {
              "line": 115,
              "column": 3
            }
          },
          "type": "if",
          "locations": [
            {
              "start": {
                "line": 106,
                "column": 2
              },
              "end": {
                "line": 115,
                "column": 3
              }
            },
            {
              "start": {
                "line": 106,
                "column": 2
              },
              "end": {
                "line": 115,
                "column": 3
              }
            }
          ],
          "line": 106
        },
        "21": {
          "loc": {
            "start": {
              "line": 108,
              "column": 4
            },
            "end": {
              "line": 114,
              "column": 5
            }
          },
          "type": "if",
          "locations": [
            {
              "start": {
                "line": 108,
                "column": 4
              },
              "end": {
                "line": 114,
                "column": 5
              }
            },
            {
              "start": {
                "line": 108,
                "column": 4
              },
              "end": {
                "line": 114,
                "column": 5
              }
            }
          ],
          "line": 108
        },
        "22": {
          "loc": {
            "start": {
              "line": 111,
              "column": 11
            },
            "end": {
              "line": 114,
              "column": 5
            }
          },
          "type": "if",
          "locations": [
            {
              "start": {
                "line": 111,
                "column": 11
              },
              "end": {
                "line": 114,
                "column": 5
              }
            },
            {
              "start": {
                "line": 111,
                "column": 11
              },
              "end": {
                "line": 114,
                "column": 5
              }
            }
          ],
          "line": 111
        }
      },
      "s": {
        "0": 1,
        "1": 1,
        "2": 1,
        "3": 1,
        "4": 1,
        "5": 7,
        "6": 7,
        "7": 1,
        "8": 7,
        "9": 1,
        "10": 6,
        "11": 6,
        "12": 29,
        "13": 29,
        "14": 4,
        "15": 29,
        "16": 20,
        "17": 9,
        "18": 29,
        "19": 7,
        "20": 29,
        "21": 7,
        "22": 29,
        "23": 6,
        "24": 29,
        "25": 7,
        "26": 29,
        "27": 5,
        "28": 5,
        "29": 3,
        "30": 3,
        "31": 3,
        "32": 2,
        "33": 5,
        "34": 3,
        "35": 2,
        "36": 5,
        "37": 29,
        "38": 2,
        "39": 2,
        "40": 1,
        "41": 1,
        "42": 1,
        "43": 29
      },
      "f": {
        "0": 7,
        "1": 7,
        "2": 29,
        "3": 3
      },
      "b": {
        "0": [
          0
        ],
        "1": [
          0
        ],
        "2": [
          3
        ],
        "3": [
          1,
          6
        ],
        "4": [
          1,
          6
        ],
        "5": [
          0
        ],
        "6": [
          3
        ],
        "7": [
          19
        ],
        "8": [
          4,
          25
        ],
        "9": [
          20,
          9
        ],
        "10": [
          7,
          22
        ],
        "11": [
          29,
          7
        ],
        "12": [
          7,
          22
        ],
        "13": [
          29,
          7
        ],
        "14": [
          6,
          23
        ],
        "15": [
          7,
          22
        ],
        "16": [
          5,
          24
        ],
        "17": [
          3,
          2
        ],
        "18": [
          3,
          2
        ],
        "19": [
          2,
          2
        ],
        "20": [
          2,
          27
        ],
        "21": [
          1,
          1
        ],
        "22": [
          1,
          0
        ]
      },
      "_coverageSchema": "1a1c01bbd47fc00a2c39e90264f33305004495a9",
      "hash": "b78c0ae79ac439276505343af23e3278e5a49966"
    }
  }
}