TN:
SF:src/components/common/CTable/index.vue
FN:63,activated
FN:71,doLayout
FN:72,(anonymous_3)
FN:82,isShowButton
FNF:4
FNH:3
FNDA:0,activated
FNDA:1,doLayout
FNDA:1,(anonymous_3)
FNDA:4,isShowButton
DA:54,1
DA:65,0
DA:71,1
DA:72,1
DA:73,1
DA:83,4
DA:84,6
DA:85,2
LF:8
LH:7
BRDA:73,0,0,1
BRDA:73,0,1,1
BRDA:84,1,0,2
BRDA:84,1,1,2
BRF:4
BRH:4
end_of_record
TN:
SF:src/components/common/CTable/props.js
FN:6,(anonymous_0)
FN:14,(anonymous_1)
FNF:2
FNH:2
FNDA:1,(anonymous_0)
FNDA:1,(anonymous_1)
DA:1,1
DA:7,1
DA:15,1
LF:3
LH:3
BRF:0
BRH:0
end_of_record
TN:
SF:src/pages/sims/components/business/utils/business-form.js
FN:19,regenFormItems
FN:33,(anonymous_1)
FN:51,regenFormItem
FN:84,(anonymous_3)
FNF:4
FNH:4
FNDA:7,regenFormItems
FNDA:7,(anonymous_1)
FNDA:29,regenFormItem
FNDA:3,(anonymous_3)
DA:3,1
DA:5,1
DA:7,1
DA:9,1
DA:11,1
DA:33,7
DA:35,7
DA:36,1
DA:38,7
DA:40,6
DA:41,6
DA:52,29
DA:54,29
DA:57,29
DA:58,9
DA:61,29
DA:62,7
DA:66,29
DA:67,7
DA:71,29
DA:72,6
DA:75,29
DA:76,7
DA:79,29
DA:81,5
DA:83,5
DA:84,3
DA:85,3
DA:87,2
DA:91,5
DA:92,3
DA:97,2
DA:102,5
DA:106,29
DA:107,2
DA:108,2
DA:110,1
DA:111,1
DA:113,1
DA:117,29
LF:40
LH:40
BRDA:19,0,0,0
BRDA:19,1,0,0
BRDA:19,2,0,3
BRDA:35,3,0,1
BRDA:35,3,1,6
BRDA:38,4,0,1
BRDA:38,4,1,6
BRDA:51,5,0,0
BRDA:51,6,0,3
BRDA:51,7,0,19
BRDA:54,8,0,4
BRDA:54,8,1,25
BRDA:57,9,0,20
BRDA:57,9,1,9
BRDA:61,10,0,7
BRDA:61,10,1,22
BRDA:61,11,0,29
BRDA:61,11,1,7
BRDA:66,12,0,7
BRDA:66,12,1,22
BRDA:66,13,0,29
BRDA:66,13,1,7
BRDA:71,14,0,6
BRDA:71,14,1,23
BRDA:75,15,0,7
BRDA:75,15,1,22
BRDA:79,16,0,5
BRDA:79,16,1,24
BRDA:83,17,0,3
BRDA:83,17,1,2
BRDA:91,18,0,3
BRDA:91,18,1,2
BRDA:99,19,0,2
BRDA:99,19,1,2
BRDA:106,20,0,2
BRDA:106,20,1,27
BRDA:108,21,0,1
BRDA:108,21,1,1
BRDA:111,22,0,1
BRDA:111,22,1,0
BRF:40
BRH:36
end_of_record
TN:
SF:src/plugins/common/dynamic-form-utils.js
FN:8,formItemsMergeOptions
FN:11,(anonymous_1)
FN:15,(anonymous_2)
FN:37,mergeOptions
FN:40,(anonymous_4)
FNF:5
FNH:5
FNDA:5,formItemsMergeOptions
FNDA:4,(anonymous_1)
FNDA:4,(anonymous_2)
FNDA:4,mergeOptions
FNDA:17,(anonymous_4)
DA:9,5
DA:11,5
DA:12,4
DA:13,4
DA:15,5
DA:16,4
DA:17,3
DA:18,3
DA:19,2
DA:20,2
DA:22,4
DA:38,4
DA:39,4
DA:40,4
DA:41,17
DA:42,17
DA:43,17
DA:44,17
DA:45,17
DA:46,17
DA:47,17
DA:48,0
DA:50,17
DA:51,14
DA:52,0
DA:53,14
DA:58,2
DA:61,12
DA:65,3
DA:68,4
LF:30
LH:28
BRDA:16,0,0,1
BRDA:16,0,1,3
BRDA:18,1,0,1
BRDA:18,1,1,2
BRDA:47,2,0,0
BRDA:47,2,1,17
BRDA:47,3,0,17
BRDA:47,3,1,14
BRDA:47,3,2,10
BRDA:50,4,0,14
BRDA:50,4,1,3
BRDA:50,5,0,17
BRDA:50,5,1,14
BRDA:51,6,0,0
BRDA:51,6,1,14
BRDA:53,7,0,2
BRDA:53,7,1,12
BRDA:54,8,0,14
BRDA:54,8,1,4
BRDA:65,9,0,0
BRDA:65,9,1,3
BRF:21
BRH:18
end_of_record
TN:
SF:src/plugins/common/utils.js
FN:12,(anonymous_0)
FN:15,(anonymous_1)
FN:32,(anonymous_2)
FN:52,(anonymous_3)
FN:68,(anonymous_4)
FN:107,(anonymous_5)
FN:113,(anonymous_6)
FN:119,(anonymous_7)
FN:125,(anonymous_8)
FN:131,(anonymous_9)
FN:142,(anonymous_10)
FN:174,(anonymous_11)
FN:251,(anonymous_12)
FN:255,(anonymous_13)
FN:265,(anonymous_14)
FN:274,(anonymous_15)
FN:277,(anonymous_16)
FN:278,(anonymous_17)
FN:286,(anonymous_18)
FN:287,(anonymous_19)
FN:289,(anonymous_20)
FN:309,(anonymous_21)
FN:318,(anonymous_22)
FN:330,(anonymous_23)
FN:346,(anonymous_24)
FN:358,(anonymous_25)
FN:369,(anonymous_26)
FNF:27
FNH:21
FNDA:2,(anonymous_0)
FNDA:0,(anonymous_1)
FNDA:4,(anonymous_2)
FNDA:5,(anonymous_3)
FNDA:4,(anonymous_4)
FNDA:2,(anonymous_5)
FNDA:2,(anonymous_6)
FNDA:2,(anonymous_7)
FNDA:2,(anonymous_8)
FNDA:0,(anonymous_9)
FNDA:4,(anonymous_10)
FNDA:7,(anonymous_11)
FNDA:5,(anonymous_12)
FNDA:6,(anonymous_13)
FNDA:2,(anonymous_14)
FNDA:4,(anonymous_15)
FNDA:4,(anonymous_16)
FNDA:4,(anonymous_17)
FNDA:3,(anonymous_18)
FNDA:4,(anonymous_19)
FNDA:16,(anonymous_20)
FNDA:0,(anonymous_21)
FNDA:0,(anonymous_22)
FNDA:0,(anonymous_23)
FNDA:2,(anonymous_24)
FNDA:2,(anonymous_25)
FNDA:0,(anonymous_26)
DA:3,1
DA:15,2
DA:17,0
DA:20,0
DA:21,0
DA:23,0
DA:25,0
DA:26,0
DA:27,0
DA:32,2
DA:33,4
DA:34,4
DA:35,4
DA:36,4
DA:38,4
DA:39,4
DA:40,1
DA:41,1
DA:44,4
DA:53,5
DA:54,4
DA:56,1
DA:57,1
DA:58,3
DA:60,1
DA:67,4
DA:68,1
DA:69,4
DA:79,4
DA:80,3
DA:86,4
DA:87,28
DA:88,19
DA:96,4
DA:100,4
DA:101,4
DA:108,2
DA:114,2
DA:120,2
DA:126,2
DA:132,0
DA:133,0
DA:134,0
DA:136,0
DA:137,0
DA:143,4
DA:144,4
DA:145,3
DA:146,3
DA:147,3
DA:148,2
DA:149,2
DA:150,2
DA:151,4
DA:152,4
DA:153,4
DA:154,4
DA:156,2
DA:157,2
DA:158,2
DA:159,2
DA:161,2
DA:162,2
DA:164,2
DA:166,3
DA:175,7
DA:176,7
DA:177,7
DA:178,7
DA:179,7
DA:180,7
DA:181,1
DA:182,1
DA:183,1
DA:186,6
DA:188,7
DA:190,6
DA:191,6
DA:194,1
DA:195,1
DA:199,6
DA:200,6
DA:202,6
DA:204,6
DA:206,3
DA:207,3
DA:208,7
DA:209,7
DA:210,2
DA:211,2
DA:214,3
DA:216,3
DA:217,3
DA:218,5
DA:219,5
DA:220,2
DA:221,2
DA:223,3
DA:225,5
DA:227,3
DA:228,3
DA:229,1
DA:231,3
DA:232,2
DA:233,2
DA:234,2
DA:235,1
DA:236,1
DA:238,1
DA:240,2
DA:241,2
DA:242,1
DA:243,1
DA:245,6
DA:248,6
DA:252,5
DA:256,6
DA:272,2
DA:274,4
DA:276,1
DA:277,4
DA:278,1
DA:279,4
DA:280,4
DA:281,4
DA:282,1
DA:283,1
DA:286,1
DA:287,3
DA:288,4
DA:289,4
DA:290,16
DA:291,3
DA:294,4
DA:295,2
DA:296,2
DA:300,1
DA:301,1
DA:310,0
DA:312,0
DA:313,0
DA:314,0
DA:315,0
DA:316,0
DA:318,0
DA:319,0
DA:320,0
DA:321,0
DA:322,0
DA:323,0
DA:326,0
DA:327,0
DA:328,0
DA:329,0
DA:330,0
DA:331,0
DA:334,0
DA:338,0
DA:339,0
DA:340,0
DA:347,2
DA:348,1
DA:349,1
DA:350,1
DA:360,2
DA:361,1
DA:370,0
DA:374,0
DA:375,0
DA:376,0
DA:377,0
DA:378,0
DA:379,0
DA:380,0
DA:381,0
DA:385,1
DA:386,1
LF:177
LH:134
BRDA:20,0,0,0
BRDA:20,0,1,0
BRDA:20,1,0,0
BRDA:20,1,1,0
BRDA:25,2,0,0
BRDA:25,2,1,0
BRDA:27,3,0,0
BRDA:27,3,1,0
BRDA:36,4,0,4
BRDA:36,4,1,2
BRDA:38,5,0,2
BRDA:38,5,1,2
BRDA:39,6,0,1
BRDA:39,6,1,3
BRDA:52,7,0,0
BRDA:52,8,0,5
BRDA:53,9,0,1
BRDA:53,9,1,4
BRDA:54,10,0,1
BRDA:54,10,1,3
BRDA:58,11,0,1
BRDA:58,11,1,2
BRDA:67,12,0,1
BRDA:67,12,1,3
BRDA:79,13,0,3
BRDA:79,13,1,1
BRDA:87,14,0,19
BRDA:87,14,1,9
BRDA:90,15,0,0
BRDA:90,15,1,19
BRDA:100,16,0,4
BRDA:100,16,1,0
BRDA:133,17,0,0
BRDA:133,17,1,0
BRDA:144,18,0,1
BRDA:144,18,1,3
BRDA:147,19,0,2
BRDA:147,19,1,1
BRDA:159,20,0,1
BRDA:159,20,1,1
BRDA:162,21,0,1
BRDA:162,21,1,1
BRDA:164,22,0,1
BRDA:164,22,1,1
BRDA:180,23,0,1
BRDA:180,23,1,6
BRDA:183,24,0,1
BRDA:183,24,1,0
BRDA:188,25,0,6
BRDA:188,25,1,1
BRDA:195,26,0,0
BRDA:195,26,1,1
BRDA:204,27,0,3
BRDA:204,27,1,3
BRDA:209,28,0,2
BRDA:209,28,1,5
BRDA:209,29,0,7
BRDA:209,29,1,7
BRDA:219,30,0,2
BRDA:219,30,1,3
BRDA:228,31,0,1
BRDA:228,31,1,2
BRDA:228,32,0,3
BRDA:228,32,1,1
BRDA:231,33,0,2
BRDA:231,33,1,1
BRDA:234,34,0,1
BRDA:234,34,1,1
BRDA:241,35,0,1
BRDA:241,35,1,1
BRDA:241,36,0,2
BRDA:241,36,1,1
BRDA:245,37,0,1
BRDA:245,37,1,5
BRDA:256,38,0,6
BRDA:256,38,1,2
BRDA:266,39,0,0
BRDA:267,40,0,2
BRDA:268,41,0,2
BRDA:269,42,0,2
BRDA:272,43,0,1
BRDA:272,43,1,1
BRDA:272,44,0,2
BRDA:272,44,1,2
BRDA:281,45,0,1
BRDA:281,45,1,3
BRDA:281,46,0,4
BRDA:281,46,1,4
BRDA:282,47,0,1
BRDA:282,47,1,1
BRDA:283,48,0,1
BRDA:283,48,1,0
BRDA:290,49,0,3
BRDA:290,49,1,13
BRDA:291,50,0,3
BRDA:291,50,1,0
BRDA:294,51,0,2
BRDA:294,51,1,2
BRDA:309,52,0,0
BRDA:310,53,0,0
BRDA:310,53,1,0
BRDA:314,54,0,0
BRDA:314,54,1,0
BRDA:315,55,0,0
BRDA:315,55,1,0
BRDA:326,56,0,0
BRDA:326,56,1,0
BRDA:329,57,0,0
BRDA:329,57,1,0
BRDA:347,58,0,1
BRDA:347,58,1,1
BRDA:358,59,0,2
BRDA:360,60,0,1
BRDA:360,60,1,1
BRDA:360,61,0,2
BRDA:360,61,1,1
BRF:116
BRH:87
end_of_record
